Args in experiment:
Namespace(activation='gelu', affine=1, batch_size=128, checkpoints='./checkpoints/', d_model=128, d_twff=128, d_vwff=14, data='ETTh2', data_path='ETTh2.csv', des='Exp', devices='0,1,2,3', do_predict=False, dropout=0.1, e_layers=1, embed='timeF', enc_in=7, features='M', flatten_mod=1, freq='h', gpu=0, head_dropout=0.1, init_residual_weight_list=[1.0, 1.0, 1.0], inverse=False, is_training=1, itr=1, label_len=0, learning_rate=0.0005, loss='MSE', lradj='type1', mask=0, mod=0, model='L3former', model_id='ETTh2_96_96', n_heads=8, num_workers=10, output_attention=False, patience=10, pct_start=0.2, pred_len=96, random_seed=2025, revin=1, root_path='./dataset/ETT-small/', seq_len=96, target='OT', train_epochs=10, train_residual_weight=1, use_L3Linear=0, use_amp=False, use_gpu=True, use_multi_gpu=False, use_norm_in_former=1, use_pooling_init=1, use_scheduler=0, use_std_in_revin=1, use_vwff=1, vwff_dropout=0.8, window_size_list=[3, 7, 15, 27])
Use GPU: cuda:0
>>>>>>>start training : ETTh2_96_96_L3former_ETTh2_M_ft96_sl0_ll96_pl128_dm8_nh1_el128_dftimeF_ebExp_0>>>>>>>>>>>>>>>>>>>>>>>>>>
train 8449
val 2785
test 2785
Epoch: 1 cost time: 1.2261731624603271
Epoch: 1, Steps: 66 | Train Loss: 0.5167300 Vali Loss: 0.2210839 Test Loss: 0.2976863
Validation loss decreased (inf --> 0.221084).  Saving model ...
Updating learning rate to 0.0005
Epoch: 2 cost time: 0.8966648578643799
Epoch: 2, Steps: 66 | Train Loss: 0.4597991 Vali Loss: 0.2181087 Test Loss: 0.2894651
Validation loss decreased (0.221084 --> 0.218109).  Saving model ...
Updating learning rate to 0.00025
Epoch: 3 cost time: 0.8694911003112793
Epoch: 3, Steps: 66 | Train Loss: 0.4351042 Vali Loss: 0.2149977 Test Loss: 0.2874669
Validation loss decreased (0.218109 --> 0.214998).  Saving model ...
Updating learning rate to 0.000125
Epoch: 4 cost time: 1.0120415687561035
Epoch: 4, Steps: 66 | Train Loss: 0.4263513 Vali Loss: 0.2152022 Test Loss: 0.2868701
EarlyStopping counter: 1 out of 10
Updating learning rate to 6.25e-05
Epoch: 5 cost time: 0.8334827423095703
Epoch: 5, Steps: 66 | Train Loss: 0.4201250 Vali Loss: 0.2168108 Test Loss: 0.2873783
EarlyStopping counter: 2 out of 10
Updating learning rate to 3.125e-05
Epoch: 6 cost time: 1.004507064819336
Epoch: 6, Steps: 66 | Train Loss: 0.4174625 Vali Loss: 0.2166491 Test Loss: 0.2860618
EarlyStopping counter: 3 out of 10
Updating learning rate to 1.5625e-05
Epoch: 7 cost time: 0.8847908973693848
Epoch: 7, Steps: 66 | Train Loss: 0.4157385 Vali Loss: 0.2147131 Test Loss: 0.2858898
Validation loss decreased (0.214998 --> 0.214713).  Saving model ...
Updating learning rate to 7.8125e-06
Epoch: 8 cost time: 0.93229079246521
Epoch: 8, Steps: 66 | Train Loss: 0.4153786 Vali Loss: 0.2156371 Test Loss: 0.2859428
EarlyStopping counter: 1 out of 10
Updating learning rate to 3.90625e-06
Epoch: 9 cost time: 0.8185510635375977
Epoch: 9, Steps: 66 | Train Loss: 0.4155462 Vali Loss: 0.2160069 Test Loss: 0.2859104
EarlyStopping counter: 2 out of 10
Updating learning rate to 1.953125e-06
Epoch: 10 cost time: 0.8991420269012451
Epoch: 10, Steps: 66 | Train Loss: 0.4149017 Vali Loss: 0.2164843 Test Loss: 0.2859347
EarlyStopping counter: 3 out of 10
Updating learning rate to 9.765625e-07
>>>>>>>testing : ETTh2_96_96_L3former_ETTh2_M_ft96_sl0_ll96_pl128_dm8_nh1_el128_dftimeF_ebExp_0<<<<<<<<<<<<<<<<<<<<<<<<<<<<<<<<<
test 2785
test shape: (2785, 96, 7) (2785, 96, 7)
test shape: (2785, 96, 7) (2785, 96, 7)
mse:0.28649812936782837, mae:0.34173235297203064
