Args in experiment:
Namespace(activation='gelu', affine=1, batch_size=128, checkpoints='./checkpoints/', d_model=128, d_twff=128, d_vwff=14, data='ETTh2', data_path='ETTh2.csv', des='Exp', devices='0,1,2,3', do_predict=False, dropout=0.1, e_layers=1, embed='timeF', enc_in=7, features='M', flatten_mod=1, freq='h', gpu=0, head_dropout=0.1, init_residual_weight_list=[1.0, 1.0, 1.0], inverse=False, is_training=1, itr=1, label_len=0, learning_rate=0.0005, loss='MSE', lradj='type1', mask=0, mod=0, model='L3former', model_id='ETTh2_96_192', n_heads=8, num_workers=10, output_attention=False, patience=10, pct_start=0.2, pred_len=192, random_seed=2025, revin=1, root_path='./dataset/ETT-small/', seq_len=96, target='OT', train_epochs=10, train_residual_weight=1, use_L3Linear=0, use_amp=False, use_gpu=True, use_multi_gpu=False, use_norm_in_former=1, use_pooling_init=1, use_scheduler=0, use_std_in_revin=1, use_vwff=1, vwff_dropout=0.8, window_size_list=[3, 7, 15, 27])
Use GPU: cuda:0
>>>>>>>start training : ETTh2_96_192_L3former_ETTh2_M_ft96_sl0_ll192_pl128_dm8_nh1_el128_dftimeF_ebExp_0>>>>>>>>>>>>>>>>>>>>>>>>>>
train 8353
val 2689
test 2689
Epoch: 1 cost time: 1.2692904472351074
Epoch: 1, Steps: 65 | Train Loss: 0.6278325 Vali Loss: 0.2835008 Test Loss: 0.4006809
Validation loss decreased (inf --> 0.283501).  Saving model ...
Updating learning rate to 0.0005
Epoch: 2 cost time: 0.994898796081543
Epoch: 2, Steps: 65 | Train Loss: 0.5672123 Vali Loss: 0.2784634 Test Loss: 0.3881547
Validation loss decreased (0.283501 --> 0.278463).  Saving model ...
Updating learning rate to 0.00025
Epoch: 3 cost time: 0.9012396335601807
Epoch: 3, Steps: 65 | Train Loss: 0.5470145 Vali Loss: 0.2778015 Test Loss: 0.3835457
Validation loss decreased (0.278463 --> 0.277802).  Saving model ...
Updating learning rate to 0.000125
Epoch: 4 cost time: 0.9569942951202393
Epoch: 4, Steps: 65 | Train Loss: 0.5380245 Vali Loss: 0.2775507 Test Loss: 0.3824562
Validation loss decreased (0.277802 --> 0.277551).  Saving model ...
Updating learning rate to 6.25e-05
Epoch: 5 cost time: 0.9540483951568604
Epoch: 5, Steps: 65 | Train Loss: 0.5321351 Vali Loss: 0.2784737 Test Loss: 0.3832463
EarlyStopping counter: 1 out of 10
Updating learning rate to 3.125e-05
Epoch: 6 cost time: 0.9452624320983887
Epoch: 6, Steps: 65 | Train Loss: 0.5305057 Vali Loss: 0.2788941 Test Loss: 0.3827532
EarlyStopping counter: 2 out of 10
Updating learning rate to 1.5625e-05
Epoch: 7 cost time: 0.9577305316925049
Epoch: 7, Steps: 65 | Train Loss: 0.5302574 Vali Loss: 0.2789392 Test Loss: 0.3829035
EarlyStopping counter: 3 out of 10
Updating learning rate to 7.8125e-06
Epoch: 8 cost time: 0.8393099308013916
Epoch: 8, Steps: 65 | Train Loss: 0.5278141 Vali Loss: 0.2789286 Test Loss: 0.3831537
EarlyStopping counter: 4 out of 10
Updating learning rate to 3.90625e-06
Epoch: 9 cost time: 0.9057528972625732
Epoch: 9, Steps: 65 | Train Loss: 0.5285556 Vali Loss: 0.2786702 Test Loss: 0.3831044
EarlyStopping counter: 5 out of 10
Updating learning rate to 1.953125e-06
Epoch: 10 cost time: 0.8819870948791504
Epoch: 10, Steps: 65 | Train Loss: 0.5284453 Vali Loss: 0.2788638 Test Loss: 0.3830508
EarlyStopping counter: 6 out of 10
Updating learning rate to 9.765625e-07
>>>>>>>testing : ETTh2_96_192_L3former_ETTh2_M_ft96_sl0_ll192_pl128_dm8_nh1_el128_dftimeF_ebExp_0<<<<<<<<<<<<<<<<<<<<<<<<<<<<<<<<<
test 2689
test shape: (2689, 192, 7) (2689, 192, 7)
test shape: (2689, 192, 7) (2689, 192, 7)
mse:0.3661233186721802, mae:0.39316412806510925
