Args in experiment:
Namespace(activation='gelu', affine=0, batch_size=128, checkpoints='./checkpoints/', d_model=512, d_twff=512, d_vwff=128, data='ETTh1', data_path='ETTh1.csv', des='Exp', devices='0,1,2,3', do_predict=False, dropout=0.1, e_layers=1, embed='timeF', enc_in=7, features='M', flatten_mod=1, freq='h', gpu=0, head_dropout=0.1, init_residual_weight_list=[0.5, 0.5, 1.0], inverse=False, is_training=1, itr=1, label_len=0, learning_rate=0.001, loss='MSE', lradj='type1', mask=0, mod=0, model='L3former', model_id='ETTh1_96_96', n_heads=8, num_workers=10, output_attention=False, patience=10, pct_start=0.2, pred_len=96, random_seed=2025, revin=1, root_path='./dataset/ETT-small/', seq_len=96, target='OT', train_epochs=10, train_residual_weight=1, use_L3Linear=0, use_amp=False, use_gpu=True, use_multi_gpu=False, use_norm_in_former=1, use_pooling_init=0, use_scheduler=1, use_std_in_revin=1, use_vwff=1, vwff_dropout=0.8, window_size_list=[3, 7, 15, 27])
Use GPU: cuda:0
>>>>>>>start training : ETTh1_96_96_L3former_ETTh1_M_ft96_sl0_ll96_pl512_dm8_nh1_el512_dftimeF_ebExp_0>>>>>>>>>>>>>>>>>>>>>>>>>>
train 8449
val 2785
test 2785
Epoch: 1 cost time: 1.243825912475586
Epoch: 1, Steps: 66 | Train Loss: 0.6642613 Vali Loss: 0.7545103 Test Loss: 0.4309458
Validation loss decreased (inf --> 0.754510).  Saving model ...
Updating learning rate to 0.001
Epoch: 2 cost time: 0.918320894241333
Epoch: 2, Steps: 66 | Train Loss: 0.4460327 Vali Loss: 0.7155854 Test Loss: 0.3944114
Validation loss decreased (0.754510 --> 0.715585).  Saving model ...
Updating learning rate to 0.0005
Epoch: 3 cost time: 0.8851311206817627
Epoch: 3, Steps: 66 | Train Loss: 0.3828082 Vali Loss: 0.6908532 Test Loss: 0.3829245
Validation loss decreased (0.715585 --> 0.690853).  Saving model ...
Updating learning rate to 0.00025
Epoch: 4 cost time: 0.9079806804656982
Epoch: 4, Steps: 66 | Train Loss: 0.3740892 Vali Loss: 0.6840337 Test Loss: 0.3778796
Validation loss decreased (0.690853 --> 0.684034).  Saving model ...
Updating learning rate to 0.000125
Epoch: 5 cost time: 0.8924853801727295
Epoch: 5, Steps: 66 | Train Loss: 0.3698589 Vali Loss: 0.6836893 Test Loss: 0.3747186
Validation loss decreased (0.684034 --> 0.683689).  Saving model ...
Updating learning rate to 6.25e-05
Epoch: 6 cost time: 0.8069336414337158
Epoch: 6, Steps: 66 | Train Loss: 0.3669664 Vali Loss: 0.6775883 Test Loss: 0.3741413
Validation loss decreased (0.683689 --> 0.677588).  Saving model ...
Updating learning rate to 3.125e-05
Epoch: 7 cost time: 0.8488597869873047
Epoch: 7, Steps: 66 | Train Loss: 0.3656874 Vali Loss: 0.6783513 Test Loss: 0.3738377
EarlyStopping counter: 1 out of 10
Updating learning rate to 1.5625e-05
Epoch: 8 cost time: 0.8108768463134766
Epoch: 8, Steps: 66 | Train Loss: 0.3647783 Vali Loss: 0.6715349 Test Loss: 0.3731839
Validation loss decreased (0.677588 --> 0.671535).  Saving model ...
Updating learning rate to 7.8125e-06
Epoch: 9 cost time: 1.0959413051605225
Epoch: 9, Steps: 66 | Train Loss: 0.3642822 Vali Loss: 0.6736656 Test Loss: 0.3734789
EarlyStopping counter: 1 out of 10
Updating learning rate to 3.90625e-06
Epoch: 10 cost time: 0.9019124507904053
Epoch: 10, Steps: 66 | Train Loss: 0.3642695 Vali Loss: 0.6758974 Test Loss: 0.3731558
EarlyStopping counter: 2 out of 10
Updating learning rate to 1.953125e-06
>>>>>>>testing : ETTh1_96_96_L3former_ETTh1_M_ft96_sl0_ll96_pl512_dm8_nh1_el512_dftimeF_ebExp_0<<<<<<<<<<<<<<<<<<<<<<<<<<<<<<<<<
test 2785
test shape: (2785, 96, 7) (2785, 96, 7)
test shape: (2785, 96, 7) (2785, 96, 7)
mse:0.37250855565071106, mae:0.39053958654403687
