Args in experiment:
Namespace(activation='gelu', affine=0, batch_size=128, checkpoints='./checkpoints/', d_model=512, d_twff=512, d_vwff=128, data='ETTh1', data_path='ETTh1.csv', des='Exp', devices='0,1,2,3', do_predict=False, dropout=0.1, e_layers=1, embed='timeF', enc_in=7, features='M', flatten_mod=1, freq='h', gpu=0, head_dropout=0.1, init_residual_weight_list=[0.5, 0.5, 1.0], inverse=False, is_training=1, itr=1, label_len=0, learning_rate=0.001, loss='MSE', lradj='type1', mask=0, mod=0, model='L3former', model_id='ETTh1_96_336', n_heads=8, num_workers=10, output_attention=False, patience=10, pct_start=0.2, pred_len=336, random_seed=2025, revin=1, root_path='./dataset/ETT-small/', seq_len=96, target='OT', train_epochs=10, train_residual_weight=1, use_L3Linear=0, use_amp=False, use_gpu=True, use_multi_gpu=False, use_norm_in_former=1, use_pooling_init=0, use_scheduler=1, use_std_in_revin=1, use_vwff=1, vwff_dropout=0.5, window_size_list=[3, 7, 15, 27])
Use GPU: cuda:0
>>>>>>>start training : ETTh1_96_336_L3former_ETTh1_M_ft96_sl0_ll336_pl512_dm8_nh1_el512_dftimeF_ebExp_0>>>>>>>>>>>>>>>>>>>>>>>>>>
train 8209
val 2545
test 2545
Epoch: 1 cost time: 1.3067827224731445
Epoch: 1, Steps: 64 | Train Loss: 0.6334664 Vali Loss: 1.3378761 Test Loss: 0.5237584
Validation loss decreased (inf --> 1.337876).  Saving model ...
Updating learning rate to 0.001
Epoch: 2 cost time: 1.0358655452728271
Epoch: 2, Steps: 64 | Train Loss: 0.5374945 Vali Loss: 1.3101252 Test Loss: 0.4806253
Validation loss decreased (1.337876 --> 1.310125).  Saving model ...
Updating learning rate to 0.0005
Epoch: 3 cost time: 0.8963923454284668
Epoch: 3, Steps: 64 | Train Loss: 0.5066620 Vali Loss: 1.2976919 Test Loss: 0.4749700
Validation loss decreased (1.310125 --> 1.297692).  Saving model ...
Updating learning rate to 0.00025
Epoch: 4 cost time: 0.8503818511962891
Epoch: 4, Steps: 64 | Train Loss: 0.4934642 Vali Loss: 1.2882859 Test Loss: 0.4583965
Validation loss decreased (1.297692 --> 1.288286).  Saving model ...
Updating learning rate to 0.000125
Epoch: 5 cost time: 0.9326865673065186
Epoch: 5, Steps: 64 | Train Loss: 0.4870305 Vali Loss: 1.2942935 Test Loss: 0.4543983
EarlyStopping counter: 1 out of 10
Updating learning rate to 6.25e-05
Epoch: 6 cost time: 0.9985251426696777
Epoch: 6, Steps: 64 | Train Loss: 0.4825720 Vali Loss: 1.2975110 Test Loss: 0.4575432
EarlyStopping counter: 2 out of 10
Updating learning rate to 3.125e-05
Epoch: 7 cost time: 0.971776008605957
Epoch: 7, Steps: 64 | Train Loss: 0.4805076 Vali Loss: 1.2930304 Test Loss: 0.4525857
EarlyStopping counter: 3 out of 10
Updating learning rate to 1.5625e-05
Epoch: 8 cost time: 1.0023064613342285
Epoch: 8, Steps: 64 | Train Loss: 0.4795542 Vali Loss: 1.2944091 Test Loss: 0.4508944
EarlyStopping counter: 4 out of 10
Updating learning rate to 7.8125e-06
Epoch: 9 cost time: 0.9966464042663574
Epoch: 9, Steps: 64 | Train Loss: 0.4793101 Vali Loss: 1.2960614 Test Loss: 0.4523571
EarlyStopping counter: 5 out of 10
Updating learning rate to 3.90625e-06
Epoch: 10 cost time: 1.0108020305633545
Epoch: 10, Steps: 64 | Train Loss: 0.4791386 Vali Loss: 1.2916934 Test Loss: 0.4517465
EarlyStopping counter: 6 out of 10
Updating learning rate to 1.953125e-06
>>>>>>>testing : ETTh1_96_336_L3former_ETTh1_M_ft96_sl0_ll336_pl512_dm8_nh1_el512_dftimeF_ebExp_0<<<<<<<<<<<<<<<<<<<<<<<<<<<<<<<<<
test 2545
test shape: (2545, 336, 7) (2545, 336, 7)
test shape: (2545, 336, 7) (2545, 336, 7)
mse:0.4578138589859009, mae:0.4419574737548828
