Args in experiment:
Namespace(activation='gelu', affine=1, batch_size=128, checkpoints='./checkpoints/', d_model=512, d_twff=512, d_vwff=128, data='ETTm1', data_path='ETTm1.csv', des='Exp', devices='0,1,2,3', do_predict=False, dropout=0.1, e_layers=1, embed='timeF', enc_in=7, features='M', flatten_mod=1, freq='h', gpu=0, head_dropout=0.1, init_residual_weight_list=[1.0, 1.0, 1.0], inverse=False, is_training=1, itr=1, label_len=0, learning_rate=0.0005, loss='MSE', lradj='type1', mask=0, mod=0, model='L3former', model_id='ETTm1_96_192', n_heads=8, num_workers=10, output_attention=False, patience=10, pct_start=0.2, pred_len=192, random_seed=2025, revin=1, root_path='./dataset/ETT-small/', seq_len=96, target='OT', train_epochs=10, train_residual_weight=1, use_L3Linear=0, use_amp=False, use_gpu=True, use_multi_gpu=False, use_norm_in_former=1, use_pooling_init=0, use_scheduler=0, use_std_in_revin=1, use_vwff=1, vwff_dropout=0.8, window_size_list=[3, 7, 15, 27])
Use GPU: cuda:0
>>>>>>>start training : ETTm1_96_192_L3former_ETTm1_M_ft96_sl0_ll192_pl512_dm8_nh1_el512_dftimeF_ebExp_0>>>>>>>>>>>>>>>>>>>>>>>>>>
train 34273
val 11329
test 11329
	iters: 100, epoch: 1 | loss: 0.3721693
	speed: 0.0167s/iter; left time: 42.9442s
	iters: 200, epoch: 1 | loss: 0.3863679
	speed: 0.0119s/iter; left time: 29.3765s
Epoch: 1 cost time: 3.661182403564453
Epoch: 1, Steps: 267 | Train Loss: 0.3973784 Vali Loss: 0.5313671 Test Loss: 0.3712271
Validation loss decreased (inf --> 0.531367).  Saving model ...
Updating learning rate to 0.0005
	iters: 100, epoch: 2 | loss: 0.3822547
	speed: 0.0394s/iter; left time: 90.7338s
	iters: 200, epoch: 2 | loss: 0.3661588
	speed: 0.0116s/iter; left time: 25.6143s
Epoch: 2 cost time: 3.352098226547241
Epoch: 2, Steps: 267 | Train Loss: 0.3461255 Vali Loss: 0.5311655 Test Loss: 0.3663618
Validation loss decreased (0.531367 --> 0.531165).  Saving model ...
Updating learning rate to 0.00025
	iters: 100, epoch: 3 | loss: 0.3304662
	speed: 0.0379s/iter; left time: 77.2330s
	iters: 200, epoch: 3 | loss: 0.3697647
	speed: 0.0116s/iter; left time: 22.4510s
Epoch: 3 cost time: 3.272965669631958
Epoch: 3, Steps: 267 | Train Loss: 0.3327548 Vali Loss: 0.5219286 Test Loss: 0.3615516
Validation loss decreased (0.531165 --> 0.521929).  Saving model ...
Updating learning rate to 0.000125
	iters: 100, epoch: 4 | loss: 0.3222035
	speed: 0.0385s/iter; left time: 68.1343s
	iters: 200, epoch: 4 | loss: 0.3457625
	speed: 0.0120s/iter; left time: 20.0055s
Epoch: 4 cost time: 3.369138717651367
Epoch: 4, Steps: 267 | Train Loss: 0.3262189 Vali Loss: 0.5187844 Test Loss: 0.3581193
Validation loss decreased (0.521929 --> 0.518784).  Saving model ...
Updating learning rate to 6.25e-05
	iters: 100, epoch: 5 | loss: 0.3095130
	speed: 0.0394s/iter; left time: 59.2639s
	iters: 200, epoch: 5 | loss: 0.3077817
	speed: 0.0123s/iter; left time: 17.2981s
Epoch: 5 cost time: 3.4416558742523193
Epoch: 5, Steps: 267 | Train Loss: 0.3227593 Vali Loss: 0.5190810 Test Loss: 0.3587686
EarlyStopping counter: 1 out of 10
Updating learning rate to 3.125e-05
	iters: 100, epoch: 6 | loss: 0.3093758
	speed: 0.0390s/iter; left time: 48.2304s
	iters: 200, epoch: 6 | loss: 0.3348798
	speed: 0.0122s/iter; left time: 13.8987s
Epoch: 6 cost time: 3.4412083625793457
Epoch: 6, Steps: 267 | Train Loss: 0.3210452 Vali Loss: 0.5189860 Test Loss: 0.3585905
EarlyStopping counter: 2 out of 10
Updating learning rate to 1.5625e-05
	iters: 100, epoch: 7 | loss: 0.3298629
	speed: 0.0400s/iter; left time: 38.7244s
	iters: 200, epoch: 7 | loss: 0.3114669
	speed: 0.0117s/iter; left time: 10.1630s
Epoch: 7 cost time: 3.386030435562134
Epoch: 7, Steps: 267 | Train Loss: 0.3202234 Vali Loss: 0.5166678 Test Loss: 0.3586876
Validation loss decreased (0.518784 --> 0.516668).  Saving model ...
Updating learning rate to 7.8125e-06
	iters: 100, epoch: 8 | loss: 0.2860923
	speed: 0.0395s/iter; left time: 27.7191s
	iters: 200, epoch: 8 | loss: 0.2923677
	speed: 0.0121s/iter; left time: 7.3023s
Epoch: 8 cost time: 3.503153085708618
Epoch: 8, Steps: 267 | Train Loss: 0.3195168 Vali Loss: 0.5178115 Test Loss: 0.3587206
EarlyStopping counter: 1 out of 10
Updating learning rate to 3.90625e-06
	iters: 100, epoch: 9 | loss: 0.3171836
	speed: 0.0402s/iter; left time: 17.4974s
	iters: 200, epoch: 9 | loss: 0.3227822
	speed: 0.0115s/iter; left time: 3.8627s
Epoch: 9 cost time: 3.3509132862091064
Epoch: 9, Steps: 267 | Train Loss: 0.3191845 Vali Loss: 0.5182698 Test Loss: 0.3587724
EarlyStopping counter: 2 out of 10
Updating learning rate to 1.953125e-06
	iters: 100, epoch: 10 | loss: 0.3061578
	speed: 0.0386s/iter; left time: 6.4931s
	iters: 200, epoch: 10 | loss: 0.2962913
	speed: 0.0120s/iter; left time: 0.8144s
Epoch: 10 cost time: 3.3947067260742188
Epoch: 10, Steps: 267 | Train Loss: 0.3191338 Vali Loss: 0.5178805 Test Loss: 0.3584688
EarlyStopping counter: 3 out of 10
Updating learning rate to 9.765625e-07
>>>>>>>testing : ETTm1_96_192_L3former_ETTm1_M_ft96_sl0_ll192_pl512_dm8_nh1_el512_dftimeF_ebExp_0<<<<<<<<<<<<<<<<<<<<<<<<<<<<<<<<<
test 11329
test shape: (11329, 192, 7) (11329, 192, 7)
test shape: (11329, 192, 7) (11329, 192, 7)
mse:0.3592047691345215, mae:0.3801023066043854
