Args in experiment:
Namespace(activation='gelu', affine=1, batch_size=128, checkpoints='./checkpoints/', d_model=512, d_twff=512, d_vwff=128, data='ETTm1', data_path='ETTm1.csv', des='Exp', devices='0,1,2,3', do_predict=False, dropout=0.1, e_layers=1, embed='timeF', enc_in=7, features='M', flatten_mod=1, freq='h', gpu=0, head_dropout=0.1, init_residual_weight_list=[1.0, 1.0, 1.0], inverse=False, is_training=1, itr=1, label_len=0, learning_rate=0.0005, loss='MSE', lradj='type1', mask=0, mod=0, model='L3former', model_id='ETTm1_96_336', n_heads=8, num_workers=10, output_attention=False, patience=10, pct_start=0.2, pred_len=336, random_seed=2025, revin=1, root_path='./dataset/ETT-small/', seq_len=96, target='OT', train_epochs=10, train_residual_weight=1, use_L3Linear=0, use_amp=False, use_gpu=True, use_multi_gpu=False, use_norm_in_former=1, use_pooling_init=0, use_scheduler=0, use_std_in_revin=1, use_vwff=1, vwff_dropout=0.8, window_size_list=[3, 7, 15, 27])
Use GPU: cuda:0
>>>>>>>start training : ETTm1_96_336_L3former_ETTm1_M_ft96_sl0_ll336_pl512_dm8_nh1_el512_dftimeF_ebExp_0>>>>>>>>>>>>>>>>>>>>>>>>>>
train 34129
val 11185
test 11185
	iters: 100, epoch: 1 | loss: 0.4367282
	speed: 0.0176s/iter; left time: 45.1977s
	iters: 200, epoch: 1 | loss: 0.4276715
	speed: 0.0130s/iter; left time: 32.0986s
Epoch: 1 cost time: 3.9611597061157227
Epoch: 1, Steps: 266 | Train Loss: 0.4460264 Vali Loss: 0.6689832 Test Loss: 0.4057297
Validation loss decreased (inf --> 0.668983).  Saving model ...
Updating learning rate to 0.0005
	iters: 100, epoch: 2 | loss: 0.4107451
	speed: 0.0428s/iter; left time: 98.2765s
	iters: 200, epoch: 2 | loss: 0.3909488
	speed: 0.0129s/iter; left time: 28.2485s
Epoch: 2 cost time: 3.667250156402588
Epoch: 2, Steps: 266 | Train Loss: 0.3971011 Vali Loss: 0.6666933 Test Loss: 0.3985294
Validation loss decreased (0.668983 --> 0.666693).  Saving model ...
Updating learning rate to 0.00025
	iters: 100, epoch: 3 | loss: 0.4171585
	speed: 0.0423s/iter; left time: 85.8982s
	iters: 200, epoch: 3 | loss: 0.3553889
	speed: 0.0130s/iter; left time: 25.1603s
Epoch: 3 cost time: 3.62109637260437
Epoch: 3, Steps: 266 | Train Loss: 0.3847427 Vali Loss: 0.6730948 Test Loss: 0.3965790
EarlyStopping counter: 1 out of 10
Updating learning rate to 0.000125
	iters: 100, epoch: 4 | loss: 0.3722679
	speed: 0.0429s/iter; left time: 75.5687s
	iters: 200, epoch: 4 | loss: 0.4030804
	speed: 0.0130s/iter; left time: 21.5961s
Epoch: 4 cost time: 3.6701698303222656
Epoch: 4, Steps: 266 | Train Loss: 0.3783622 Vali Loss: 0.6611710 Test Loss: 0.3938938
Validation loss decreased (0.666693 --> 0.661171).  Saving model ...
Updating learning rate to 6.25e-05
	iters: 100, epoch: 5 | loss: 0.3592064
	speed: 0.0435s/iter; left time: 65.1786s
	iters: 200, epoch: 5 | loss: 0.3693983
	speed: 0.0128s/iter; left time: 17.8654s
Epoch: 5 cost time: 3.6525609493255615
Epoch: 5, Steps: 266 | Train Loss: 0.3747949 Vali Loss: 0.6588563 Test Loss: 0.3929421
Validation loss decreased (0.661171 --> 0.658856).  Saving model ...
Updating learning rate to 3.125e-05
	iters: 100, epoch: 6 | loss: 0.3621973
	speed: 0.0435s/iter; left time: 53.5027s
	iters: 200, epoch: 6 | loss: 0.3720936
	speed: 0.0135s/iter; left time: 15.3152s
Epoch: 6 cost time: 3.7534637451171875
Epoch: 6, Steps: 266 | Train Loss: 0.3725831 Vali Loss: 0.6575688 Test Loss: 0.3928176
Validation loss decreased (0.658856 --> 0.657569).  Saving model ...
Updating learning rate to 1.5625e-05
	iters: 100, epoch: 7 | loss: 0.3660582
	speed: 0.0439s/iter; left time: 42.3522s
	iters: 200, epoch: 7 | loss: 0.3325428
	speed: 0.0133s/iter; left time: 11.4809s
Epoch: 7 cost time: 3.696239471435547
Epoch: 7, Steps: 266 | Train Loss: 0.3716686 Vali Loss: 0.6595610 Test Loss: 0.3927308
EarlyStopping counter: 1 out of 10
Updating learning rate to 7.8125e-06
	iters: 100, epoch: 8 | loss: 0.3670542
	speed: 0.0444s/iter; left time: 31.0280s
	iters: 200, epoch: 8 | loss: 0.3688910
	speed: 0.0133s/iter; left time: 7.9468s
Epoch: 8 cost time: 3.761707067489624
Epoch: 8, Steps: 266 | Train Loss: 0.3710038 Vali Loss: 0.6584594 Test Loss: 0.3925204
EarlyStopping counter: 2 out of 10
Updating learning rate to 3.90625e-06
	iters: 100, epoch: 9 | loss: 0.4040883
	speed: 0.0440s/iter; left time: 19.0566s
	iters: 200, epoch: 9 | loss: 0.4004754
	speed: 0.0133s/iter; left time: 4.4139s
Epoch: 9 cost time: 3.734424591064453
Epoch: 9, Steps: 266 | Train Loss: 0.3710180 Vali Loss: 0.6586267 Test Loss: 0.3922379
EarlyStopping counter: 3 out of 10
Updating learning rate to 1.953125e-06
	iters: 100, epoch: 10 | loss: 0.3832897
	speed: 0.0450s/iter; left time: 7.5172s
	iters: 200, epoch: 10 | loss: 0.3590638
	speed: 0.0134s/iter; left time: 0.8951s
Epoch: 10 cost time: 3.820051908493042
Epoch: 10, Steps: 266 | Train Loss: 0.3705759 Vali Loss: 0.6588089 Test Loss: 0.3923229
EarlyStopping counter: 4 out of 10
Updating learning rate to 9.765625e-07
>>>>>>>testing : ETTm1_96_336_L3former_ETTm1_M_ft96_sl0_ll336_pl512_dm8_nh1_el512_dftimeF_ebExp_0<<<<<<<<<<<<<<<<<<<<<<<<<<<<<<<<<
test 11185
test shape: (11185, 336, 7) (11185, 336, 7)
test shape: (11185, 336, 7) (11185, 336, 7)
mse:0.3916187286376953, mae:0.4030192494392395
