Args in experiment:
Namespace(activation='gelu', affine=0, batch_size=128, checkpoints='./checkpoints/', d_model=512, d_twff=512, d_vwff=128, data='ETTm2', data_path='ETTm2.csv', des='Exp', devices='0,1,2,3', do_predict=False, dropout=0.1, e_layers=1, embed='timeF', enc_in=7, features='M', flatten_mod=1, freq='h', gpu=0, head_dropout=0.1, init_residual_weight_list=[1.5, 1.0, 1.0], inverse=False, is_training=1, itr=1, label_len=0, learning_rate=0.0001, loss='MSE', lradj='type1', mask=0, mod=0, model='L3former', model_id='ETTm2_96_336', n_heads=8, num_workers=10, output_attention=False, patience=10, pct_start=0.2, pred_len=336, random_seed=2025, revin=1, root_path='./dataset/ETT-small/', seq_len=96, target='OT', train_epochs=10, train_residual_weight=1, use_L3Linear=0, use_amp=False, use_gpu=True, use_multi_gpu=False, use_norm_in_former=1, use_pooling_init=0, use_scheduler=0, use_std_in_revin=1, use_vwff=1, vwff_dropout=0.8, window_size_list=[3, 7, 15, 27])
Use GPU: cuda:0
>>>>>>>start training : ETTm2_96_336_L3former_ETTm2_M_ft96_sl0_ll336_pl512_dm8_nh1_el512_dftimeF_ebExp_0>>>>>>>>>>>>>>>>>>>>>>>>>>
train 34129
val 11185
test 11185
	iters: 100, epoch: 1 | loss: 0.3666196
	speed: 0.0155s/iter; left time: 39.6726s
	iters: 200, epoch: 1 | loss: 0.5089951
	speed: 0.0113s/iter; left time: 27.8320s
Epoch: 1 cost time: 3.458178997039795
Epoch: 1, Steps: 266 | Train Loss: 0.4840309 Vali Loss: 0.2212823 Test Loss: 0.3047159
Validation loss decreased (inf --> 0.221282).  Saving model ...
Updating learning rate to 0.0001
	iters: 100, epoch: 2 | loss: 0.6110914
	speed: 0.0394s/iter; left time: 90.4604s
	iters: 200, epoch: 2 | loss: 0.7337200
	speed: 0.0110s/iter; left time: 24.1268s
Epoch: 2 cost time: 3.1103618144989014
Epoch: 2, Steps: 266 | Train Loss: 0.4465157 Vali Loss: 0.2180142 Test Loss: 0.2994723
Validation loss decreased (0.221282 --> 0.218014).  Saving model ...
Updating learning rate to 5e-05
	iters: 100, epoch: 3 | loss: 0.5200858
	speed: 0.0394s/iter; left time: 79.9004s
	iters: 200, epoch: 3 | loss: 0.4878956
	speed: 0.0117s/iter; left time: 22.6479s
Epoch: 3 cost time: 3.4104650020599365
Epoch: 3, Steps: 266 | Train Loss: 0.4332782 Vali Loss: 0.2177904 Test Loss: 0.2987315
Validation loss decreased (0.218014 --> 0.217790).  Saving model ...
Updating learning rate to 2.5e-05
	iters: 100, epoch: 4 | loss: 0.5379184
	speed: 0.0409s/iter; left time: 72.1731s
	iters: 200, epoch: 4 | loss: 0.2761518
	speed: 0.0118s/iter; left time: 19.5751s
Epoch: 4 cost time: 3.3085694313049316
Epoch: 4, Steps: 266 | Train Loss: 0.4283692 Vali Loss: 0.2201315 Test Loss: 0.3002559
EarlyStopping counter: 1 out of 10
Updating learning rate to 1.25e-05
	iters: 100, epoch: 5 | loss: 0.4163068
	speed: 0.0422s/iter; left time: 63.1631s
	iters: 200, epoch: 5 | loss: 0.3934633
	speed: 0.0120s/iter; left time: 16.7663s
Epoch: 5 cost time: 3.397601842880249
Epoch: 5, Steps: 266 | Train Loss: 0.4253512 Vali Loss: 0.2193751 Test Loss: 0.2995054
EarlyStopping counter: 2 out of 10
Updating learning rate to 6.25e-06
	iters: 100, epoch: 6 | loss: 0.4333333
	speed: 0.0409s/iter; left time: 50.3791s
	iters: 200, epoch: 6 | loss: 0.3913388
	speed: 0.0117s/iter; left time: 13.2569s
Epoch: 6 cost time: 3.3652660846710205
Epoch: 6, Steps: 266 | Train Loss: 0.4234785 Vali Loss: 0.2182205 Test Loss: 0.2992394
EarlyStopping counter: 3 out of 10
Updating learning rate to 3.125e-06
	iters: 100, epoch: 7 | loss: 0.4643571
	speed: 0.0408s/iter; left time: 39.3489s
	iters: 200, epoch: 7 | loss: 0.3852848
	speed: 0.0120s/iter; left time: 10.3910s
Epoch: 7 cost time: 3.3705928325653076
Epoch: 7, Steps: 266 | Train Loss: 0.4230250 Vali Loss: 0.2186799 Test Loss: 0.2993989
EarlyStopping counter: 4 out of 10
Updating learning rate to 1.5625e-06
	iters: 100, epoch: 8 | loss: 0.5045115
	speed: 0.0394s/iter; left time: 27.5147s
	iters: 200, epoch: 8 | loss: 0.3979313
	speed: 0.0116s/iter; left time: 6.9539s
Epoch: 8 cost time: 3.2563488483428955
Epoch: 8, Steps: 266 | Train Loss: 0.4224689 Vali Loss: 0.2188322 Test Loss: 0.2994957
EarlyStopping counter: 5 out of 10
Updating learning rate to 7.8125e-07
	iters: 100, epoch: 9 | loss: 0.6118494
	speed: 0.0410s/iter; left time: 17.7423s
	iters: 200, epoch: 9 | loss: 0.5130383
	speed: 0.0117s/iter; left time: 3.9059s
Epoch: 9 cost time: 3.3870458602905273
Epoch: 9, Steps: 266 | Train Loss: 0.4230293 Vali Loss: 0.2187662 Test Loss: 0.2995263
EarlyStopping counter: 6 out of 10
Updating learning rate to 3.90625e-07
	iters: 100, epoch: 10 | loss: 0.5056995
	speed: 0.0399s/iter; left time: 6.6640s
	iters: 200, epoch: 10 | loss: 0.4392186
	speed: 0.0117s/iter; left time: 0.7861s
Epoch: 10 cost time: 3.296046733856201
Epoch: 10, Steps: 266 | Train Loss: 0.4225427 Vali Loss: 0.2188443 Test Loss: 0.2995460
EarlyStopping counter: 7 out of 10
Updating learning rate to 1.953125e-07
>>>>>>>testing : ETTm2_96_336_L3former_ETTm2_M_ft96_sl0_ll336_pl512_dm8_nh1_el512_dftimeF_ebExp_0<<<<<<<<<<<<<<<<<<<<<<<<<<<<<<<<<
test 11185
test shape: (11185, 336, 7) (11185, 336, 7)
test shape: (11185, 336, 7) (11185, 336, 7)
mse:0.2999895513057709, mae:0.3386724293231964
