Args in experiment:
Namespace(activation='gelu', affine=1, batch_size=128, checkpoints='./checkpoints/', d_model=512, d_twff=512, d_vwff=128, data='ETTm1', data_path='ETTm1.csv', des='Exp', devices='0,1,2,3', do_predict=False, dropout=0.1, e_layers=1, embed='timeF', enc_in=7, features='M', flatten_mod=1, freq='h', gpu=0, head_dropout=0.1, init_residual_weight_list=[1.0, 1.0, 1.0], inverse=False, is_training=1, itr=1, label_len=0, learning_rate=0.0005, loss='MSE', lradj='type1', mask=0, mod=0, model='L3former', model_id='ETTm1_96_720', n_heads=8, num_workers=10, output_attention=False, patience=10, pct_start=0.2, pred_len=720, random_seed=2025, revin=1, root_path='./dataset/ETT-small/', seq_len=96, target='OT', train_epochs=10, train_residual_weight=1, use_L3Linear=0, use_amp=False, use_gpu=True, use_multi_gpu=False, use_norm_in_former=1, use_pooling_init=0, use_scheduler=0, use_std_in_revin=1, use_vwff=1, vwff_dropout=0.8, window_size_list=[3, 7, 15, 27])
Use GPU: cuda:0
>>>>>>>start training : ETTm1_96_720_L3former_ETTm1_M_ft96_sl0_ll720_pl512_dm8_nh1_el512_dftimeF_ebExp_0>>>>>>>>>>>>>>>>>>>>>>>>>>
train 33745
val 10801
test 10801
	iters: 100, epoch: 1 | loss: 0.5015326
	speed: 0.0177s/iter; left time: 44.7551s
	iters: 200, epoch: 1 | loss: 0.4897488
	speed: 0.0140s/iter; left time: 34.0890s
Epoch: 1 cost time: 4.106439828872681
Epoch: 1, Steps: 263 | Train Loss: 0.5151368 Vali Loss: 0.9953668 Test Loss: 0.4641253
Validation loss decreased (inf --> 0.995367).  Saving model ...
Updating learning rate to 0.0005
	iters: 100, epoch: 2 | loss: 0.4493550
	speed: 0.0476s/iter; left time: 107.9743s
	iters: 200, epoch: 2 | loss: 0.4548718
	speed: 0.0142s/iter; left time: 30.7282s
Epoch: 2 cost time: 3.9509520530700684
Epoch: 2, Steps: 263 | Train Loss: 0.4682748 Vali Loss: 0.9843335 Test Loss: 0.4560339
Validation loss decreased (0.995367 --> 0.984333).  Saving model ...
Updating learning rate to 0.00025
	iters: 100, epoch: 3 | loss: 0.4565777
	speed: 0.0476s/iter; left time: 95.4135s
	iters: 200, epoch: 3 | loss: 0.4655281
	speed: 0.0147s/iter; left time: 28.0880s
Epoch: 3 cost time: 4.127267122268677
Epoch: 3, Steps: 263 | Train Loss: 0.4551526 Vali Loss: 0.9732056 Test Loss: 0.4600562
Validation loss decreased (0.984333 --> 0.973206).  Saving model ...
Updating learning rate to 0.000125
	iters: 100, epoch: 4 | loss: 0.4359792
	speed: 0.0483s/iter; left time: 84.1662s
	iters: 200, epoch: 4 | loss: 0.4675654
	speed: 0.0146s/iter; left time: 24.0472s
Epoch: 4 cost time: 4.080594539642334
Epoch: 4, Steps: 263 | Train Loss: 0.4480381 Vali Loss: 0.9703490 Test Loss: 0.4550047
Validation loss decreased (0.973206 --> 0.970349).  Saving model ...
Updating learning rate to 6.25e-05
	iters: 100, epoch: 5 | loss: 0.4172973
	speed: 0.0482s/iter; left time: 71.3146s
	iters: 200, epoch: 5 | loss: 0.4088776
	speed: 0.0145s/iter; left time: 20.0025s
Epoch: 5 cost time: 4.049896240234375
Epoch: 5, Steps: 263 | Train Loss: 0.4439966 Vali Loss: 0.9683250 Test Loss: 0.4540264
Validation loss decreased (0.970349 --> 0.968325).  Saving model ...
Updating learning rate to 3.125e-05
	iters: 100, epoch: 6 | loss: 0.4055898
	speed: 0.0484s/iter; left time: 58.8318s
	iters: 200, epoch: 6 | loss: 0.4416605
	speed: 0.0147s/iter; left time: 16.3979s
Epoch: 6 cost time: 4.076727867126465
Epoch: 6, Steps: 263 | Train Loss: 0.4417220 Vali Loss: 0.9684054 Test Loss: 0.4546419
EarlyStopping counter: 1 out of 10
Updating learning rate to 1.5625e-05
	iters: 100, epoch: 7 | loss: 0.4583189
	speed: 0.0494s/iter; left time: 47.0351s
	iters: 200, epoch: 7 | loss: 0.4224645
	speed: 0.0152s/iter; left time: 12.9428s
Epoch: 7 cost time: 4.135994911193848
Epoch: 7, Steps: 263 | Train Loss: 0.4404893 Vali Loss: 0.9664433 Test Loss: 0.4546525
Validation loss decreased (0.968325 --> 0.966443).  Saving model ...
Updating learning rate to 7.8125e-06
	iters: 100, epoch: 8 | loss: 0.4598473
	speed: 0.0496s/iter; left time: 34.2084s
	iters: 200, epoch: 8 | loss: 0.4454434
	speed: 0.0148s/iter; left time: 8.7103s
Epoch: 8 cost time: 4.126251697540283
Epoch: 8, Steps: 263 | Train Loss: 0.4400993 Vali Loss: 0.9662575 Test Loss: 0.4544014
Validation loss decreased (0.966443 --> 0.966258).  Saving model ...
Updating learning rate to 3.90625e-06
	iters: 100, epoch: 9 | loss: 0.4763346
	speed: 0.0512s/iter; left time: 21.8562s
	iters: 200, epoch: 9 | loss: 0.4490377
	speed: 0.0146s/iter; left time: 4.7838s
Epoch: 9 cost time: 4.120208024978638
Epoch: 9, Steps: 263 | Train Loss: 0.4397738 Vali Loss: 0.9670587 Test Loss: 0.4547788
EarlyStopping counter: 1 out of 10
Updating learning rate to 1.953125e-06
	iters: 100, epoch: 10 | loss: 0.4141444
	speed: 0.0489s/iter; left time: 8.0253s
	iters: 200, epoch: 10 | loss: 0.4120683
	speed: 0.0149s/iter; left time: 0.9505s
Epoch: 10 cost time: 4.117919921875
Epoch: 10, Steps: 263 | Train Loss: 0.4397350 Vali Loss: 0.9673219 Test Loss: 0.4546724
EarlyStopping counter: 2 out of 10
Updating learning rate to 9.765625e-07
>>>>>>>testing : ETTm1_96_720_L3former_ETTm1_M_ft96_sl0_ll720_pl512_dm8_nh1_el512_dftimeF_ebExp_0<<<<<<<<<<<<<<<<<<<<<<<<<<<<<<<<<
test 10801
test shape: (10801, 720, 7) (10801, 720, 7)
test shape: (10801, 720, 7) (10801, 720, 7)
mse:0.4533849358558655, mae:0.44040387868881226
