Args in experiment:
Namespace(activation='gelu', affine=0, batch_size=32, checkpoints='./checkpoints/', d_model=128, d_twff=128, d_vwff=128, data='custom', data_path='exchange_rate.csv', des='Exp', devices='0,1,2,3', do_predict=False, dropout=0.0, e_layers=1, embed='timeF', enc_in=8, features='M', flatten_mod=0, freq='h', gpu=0, head_dropout=0.0, init_residual_weight_list=[1.0, 1.0, 1.5], inverse=False, is_training=1, itr=1, label_len=0, learning_rate=0.0001, loss='MSE', lradj='type1', mask=1, mod=0, model='L3former', model_id='exchange_96_192', n_heads=8, num_workers=10, output_attention=False, patience=10, pct_start=0.2, pred_len=192, random_seed=2025, revin=1, root_path='./dataset/exchange_rate/', seq_len=96, target='OT', train_epochs=10, train_residual_weight=1, use_L3Linear=0, use_amp=False, use_gpu=True, use_multi_gpu=False, use_norm_in_former=0, use_pooling_init=1, use_scheduler=1, use_std_in_revin=1, use_vwff=1, vwff_dropout=0.5, window_size_list=[3, 7])
Use GPU: cuda:0
>>>>>>>start training : exchange_96_192_L3former_custom_M_ft96_sl0_ll192_pl128_dm8_nh1_el128_dftimeF_ebExp_0>>>>>>>>>>>>>>>>>>>>>>>>>>
train 5024
val 569
test 1326
	iters: 100, epoch: 1 | loss: 0.2873100
	speed: 0.0108s/iter; left time: 15.8179s
Epoch: 1 cost time: 1.5049335956573486
Epoch: 1, Steps: 157 | Train Loss: 0.3329299 Vali Loss: 0.3056968 Test Loss: 0.2358317
Validation loss decreased (inf --> 0.305697).  Saving model ...
Updating learning rate to 0.0001
	iters: 100, epoch: 2 | loss: 0.2941565
	speed: 0.0210s/iter; left time: 27.5967s
Epoch: 2 cost time: 1.3702902793884277
Epoch: 2, Steps: 157 | Train Loss: 0.2799997 Vali Loss: 0.2362460 Test Loss: 0.1731928
Validation loss decreased (0.305697 --> 0.236246).  Saving model ...
Updating learning rate to 5e-05
	iters: 100, epoch: 3 | loss: 0.3073027
	speed: 0.0206s/iter; left time: 23.8638s
Epoch: 3 cost time: 1.3605761528015137
Epoch: 3, Steps: 157 | Train Loss: 0.2489442 Vali Loss: 0.2344663 Test Loss: 0.1706257
Validation loss decreased (0.236246 --> 0.234466).  Saving model ...
Updating learning rate to 2.5e-05
	iters: 100, epoch: 4 | loss: 0.2311194
	speed: 0.0190s/iter; left time: 18.9527s
Epoch: 4 cost time: 1.2996923923492432
Epoch: 4, Steps: 157 | Train Loss: 0.2459123 Vali Loss: 0.2319376 Test Loss: 0.1702314
Validation loss decreased (0.234466 --> 0.231938).  Saving model ...
Updating learning rate to 1.25e-05
	iters: 100, epoch: 5 | loss: 0.3794410
	speed: 0.0189s/iter; left time: 15.9599s
Epoch: 5 cost time: 1.2692277431488037
Epoch: 5, Steps: 157 | Train Loss: 0.2445978 Vali Loss: 0.2291720 Test Loss: 0.1719033
Validation loss decreased (0.231938 --> 0.229172).  Saving model ...
Updating learning rate to 6.25e-06
	iters: 100, epoch: 6 | loss: 0.2873228
	speed: 0.0190s/iter; left time: 13.0317s
Epoch: 6 cost time: 1.3203775882720947
Epoch: 6, Steps: 157 | Train Loss: 0.2442858 Vali Loss: 0.2302716 Test Loss: 0.1714139
EarlyStopping counter: 1 out of 10
Updating learning rate to 3.125e-06
	iters: 100, epoch: 7 | loss: 0.1923558
	speed: 0.0200s/iter; left time: 10.5871s
Epoch: 7 cost time: 1.348987340927124
Epoch: 7, Steps: 157 | Train Loss: 0.2439117 Vali Loss: 0.2317005 Test Loss: 0.1711518
EarlyStopping counter: 2 out of 10
Updating learning rate to 1.5625e-06
	iters: 100, epoch: 8 | loss: 0.1767727
	speed: 0.0197s/iter; left time: 7.3162s
Epoch: 8 cost time: 1.2421739101409912
Epoch: 8, Steps: 157 | Train Loss: 0.2438731 Vali Loss: 0.2325430 Test Loss: 0.1711217
EarlyStopping counter: 3 out of 10
Updating learning rate to 7.8125e-07
	iters: 100, epoch: 9 | loss: 0.2882313
	speed: 0.0186s/iter; left time: 4.0083s
Epoch: 9 cost time: 1.2347731590270996
Epoch: 9, Steps: 157 | Train Loss: 0.2438299 Vali Loss: 0.2296463 Test Loss: 0.1711074
EarlyStopping counter: 4 out of 10
Updating learning rate to 3.90625e-07
	iters: 100, epoch: 10 | loss: 0.3824909
	speed: 0.0193s/iter; left time: 1.1178s
Epoch: 10 cost time: 1.3642454147338867
Epoch: 10, Steps: 157 | Train Loss: 0.2437505 Vali Loss: 0.2331344 Test Loss: 0.1711194
EarlyStopping counter: 5 out of 10
Updating learning rate to 1.953125e-07
>>>>>>>testing : exchange_96_192_L3former_custom_M_ft96_sl0_ll192_pl128_dm8_nh1_el128_dftimeF_ebExp_0<<<<<<<<<<<<<<<<<<<<<<<<<<<<<<<<<
test 1326
test shape: (1326, 192, 8) (1326, 192, 8)
test shape: (1326, 192, 8) (1326, 192, 8)
mse:0.171820268034935, mae:0.29503723978996277
